<?xml version="1.0" encoding="UTF-8"?>
<!-- Generated by org.testng.reporters.JUnitReportReporter -->
<testsuite hostname="Praseela" failures="0" tests="4" name="org.ictak.testCases.AdminTest" time="123.408" errors="0" timestamp="2023-10-03T01:30:31 IST" skipped="0">
  <testcase classname="org.ictak.testCases.AdminTest" name="addAdminUser_TC_24" time="14.359"/>
  <testcase classname="org.ictak.testCases.AdminTest" name="adminTask_backtoDashboard_TC_35" time="14.263"/>
  <testcase classname="org.ictak.testCases.AdminTest" name="editUserAdmin_TC_25" time="48.028"/>
  <testcase classname="org.ictak.testCases.AdminTest" name="deleteAdmin_TC_26" time="46.758"/>
</testsuite> <!-- org.ictak.testCases.AdminTest -->
