<?xml version="1.0" encoding="UTF-8"?>
<!-- Generated by org.testng.reporters.JUnitReportReporter -->
<testsuite hostname="Praseela" failures="0" tests="4" name="org.ictak.testCases.LoginTest" time="34.017" errors="0" timestamp="2023-10-01T00:29:39 IST" skipped="0">
  <testcase classname="org.ictak.testCases.LoginTest" name="validAdminLogin" time="10.675"/>
  <testcase classname="org.ictak.testCases.LoginTest" name="verifyValidAdminAndInvalidPasswd" time="7.539"/>
  <testcase classname="org.ictak.testCases.LoginTest" name="validTrainingHeadLogin" time="7.894"/>
  <testcase classname="org.ictak.testCases.LoginTest" name="validPlacementOfficerogin" time="7.909"/>
</testsuite> <!-- org.ictak.testCases.LoginTest -->
