<?xml version="1.0" encoding="UTF-8"?>
<!-- Generated by org.testng.reporters.JUnitReportReporter -->
<testsuite hostname="Praseela" failures="0" tests="6" name="org.ictak.testCases.TrainingHead" time="85.458" errors="0" timestamp="2023-10-06T01:27:35 IST" skipped="0">
  <testcase classname="org.ictak.testCases.TrainingHead" name="trainingHeadAddLearner_TC_34" time="15.848"/>
  <testcase classname="org.ictak.testCases.TrainingHead" name="trainingHeadBulkUpdate_TC_42" time="8.897"/>
  <testcase classname="org.ictak.testCases.TrainingHead" name="trainingHeadAddLearnerBlankProject_TC_41" time="14.256"/>
  <testcase classname="org.ictak.testCases.TrainingHead" name="trainingHeadAddLearnerInvalidName_TC_38" time="15.791"/>
  <testcase classname="org.ictak.testCases.TrainingHead" name="updateLearner_TC_49" time="16.991"/>
  <testcase classname="org.ictak.testCases.TrainingHead" name="deleteLearner_TC_50" time="13.675"/>
</testsuite> <!-- org.ictak.testCases.TrainingHead -->
