<?xml version="1.0" encoding="UTF-8"?>
<!-- Generated by org.testng.reporters.JUnitReportReporter -->
<testsuite hostname="Praseela" failures="0" tests="1" name="org.ictak.testCases.PlacementOfficer" time="7.764" errors="0" timestamp="2023-10-01T00:29:39 IST" skipped="0">
  <testcase classname="org.ictak.testCases.PlacementOfficer" name="updatePlacementStatus_TC_46" time="7.764"/>
</testsuite> <!-- org.ictak.testCases.PlacementOfficer -->
