<?xml version="1.0" encoding="UTF-8"?>
<!-- Generated by org.testng.reporters.JUnitReportReporter -->
<testsuite hostname="Praseela" failures="0" tests="4" name="org.ictak.testCases.AdminTest" time="56.506" errors="0" timestamp="2023-10-05T19:11:06 IST" skipped="0">
  <testcase classname="org.ictak.testCases.AdminTest" name="addAdminUser_TC_24" time="14.021"/>
  <testcase classname="org.ictak.testCases.AdminTest" name="adminTask_backtoDashboard_TC_35" time="13.719"/>
  <testcase classname="org.ictak.testCases.AdminTest" name="editUserAdmin_TC_25" time="15.278"/>
  <testcase classname="org.ictak.testCases.AdminTest" name="deleteAdmin_TC_26" time="13.488"/>
</testsuite> <!-- org.ictak.testCases.AdminTest -->
