<?xml version="1.0" encoding="UTF-8"?>
<!-- Generated by org.testng.reporters.JUnitReportReporter -->
<testsuite hostname="Praseela" failures="0" tests="8" name="org.ictak.testCases.AdminTest" time="110.608" errors="0" timestamp="2023-10-06T01:27:35 IST" skipped="0">
  <testcase classname="org.ictak.testCases.AdminTest" name="addAdminUserRole_TC_24" time="15.766"/>
  <testcase classname="org.ictak.testCases.AdminTest" name="adminTask_backtoDashboard_TC_35" time="15.647"/>
  <testcase classname="org.ictak.testCases.AdminTest" name="editUserAdmin_TC_25" time="15.885"/>
  <testcase classname="org.ictak.testCases.AdminTest" name="deleteAdmin_TC_26" time="13.755"/>
  <testcase classname="org.ictak.testCases.AdminTest" name="adminAddUserBlankProject_TC_14" time="13.574"/>
  <testcase classname="org.ictak.testCases.AdminTest" name="adminAddUserInvalidProject_TC_28" time="13.637"/>
  <testcase classname="org.ictak.testCases.AdminTest" name="addTrainingHeadUserRole_TC_51" time="12.019"/>
  <testcase classname="org.ictak.testCases.AdminTest" name="adminViewUsers_TC_52" time="10.325"/>
</testsuite> <!-- org.ictak.testCases.AdminTest -->
