<?xml version="1.0" encoding="UTF-8"?>
<!-- Generated by org.testng.reporters.JUnitReportReporter -->
<testsuite hostname="Praseela" failures="0" tests="1" name="org.ictak.testCases.PlacementOfficer" time="9.077" errors="0" timestamp="2023-10-05T19:11:06 IST" skipped="0">
  <testcase classname="org.ictak.testCases.PlacementOfficer" name="updatePlacementStatus_TC_46" time="9.077"/>
</testsuite> <!-- org.ictak.testCases.PlacementOfficer -->
