<?xml version="1.0" encoding="UTF-8"?>
<!-- Generated by org.testng.reporters.JUnitReportReporter -->
<testsuite hostname="Praseela" failures="0" tests="5" name="org.ictak.testCases.LoginTest" time="38.012" errors="0" timestamp="2023-10-05T19:11:06 IST" skipped="0">
  <testcase classname="org.ictak.testCases.LoginTest" name="validAdminLogin_TC_2" time="9.932"/>
  <testcase classname="org.ictak.testCases.LoginTest" name="verifyValidAdminAndInvalidPasswd_TC_3" time="7.840"/>
  <testcase classname="org.ictak.testCases.LoginTest" name="validTrainingHeadLogin_TC_10" time="8.054"/>
  <testcase classname="org.ictak.testCases.LoginTest" name="validPlacementOfficerLogin_TC_17" time="7.951"/>
  <testcase classname="org.ictak.testCases.LoginTest" name="verifyBlankAdminAndValidPasswd_TC_6" time="4.235"/>
</testsuite> <!-- org.ictak.testCases.LoginTest -->
