<?xml version="1.0" encoding="UTF-8"?>
<!-- Generated by org.testng.reporters.JUnitReportReporter -->
<testsuite hostname="Praseela" failures="0" tests="1" name="org.ictak.testCases.TrainingHead" time="108.373" errors="0" timestamp="2023-10-01T01:36:51 IST" skipped="0">
  <testcase classname="org.ictak.testCases.TrainingHead" name="trainingHeadAddLearnerInvalidName_TC_38" time="108.373"/>
</testsuite> <!-- org.ictak.testCases.TrainingHead -->
