<?xml version="1.0" encoding="UTF-8"?>
<!-- Generated by org.testng.reporters.JUnitReportReporter -->
<testsuite hostname="Praseela" failures="0" tests="5" name="org.ictak.testCases.LoginTest" time="39.620" errors="0" timestamp="2023-10-06T01:27:35 IST" skipped="0">
  <testcase classname="org.ictak.testCases.LoginTest" name="validAdminLogin_TC_2" time="10.339"/>
  <testcase classname="org.ictak.testCases.LoginTest" name="verifyValidAdminAndInvalidPasswd_TC_3" time="8.280"/>
  <testcase classname="org.ictak.testCases.LoginTest" name="validTrainingHeadLogin_TC_10" time="8.334"/>
  <testcase classname="org.ictak.testCases.LoginTest" name="validPlacementOfficerLogin_TC_17" time="8.325"/>
  <testcase classname="org.ictak.testCases.LoginTest" name="verifyBlankAdminAndValidPasswd_TC_6" time="4.342"/>
</testsuite> <!-- org.ictak.testCases.LoginTest -->
