<?xml version="1.0" encoding="UTF-8"?>
<!-- Generated by org.testng.reporters.JUnitReportReporter -->
<testsuite hostname="Praseela" failures="0" tests="6" name="org.ictak.testCases.TrainingHead" time="82.100" errors="0" timestamp="2023-10-03T01:30:31 IST" skipped="0">
  <testcase classname="org.ictak.testCases.TrainingHead" name="trainingHeadAddLearner_TC_34" time="14.073"/>
  <testcase classname="org.ictak.testCases.TrainingHead" name="trainingHeadBulkUpdate_TC_42" time="13.341"/>
  <testcase classname="org.ictak.testCases.TrainingHead" name="trainingHeadAddLearnerBlankProject_TC_41" time="13.320"/>
  <testcase classname="org.ictak.testCases.TrainingHead" name="trainingHeadAddLearnerInvalidName_TC_38" time="13.313"/>
  <testcase classname="org.ictak.testCases.TrainingHead" name="updateLearner_TC_49" time="17.767"/>
  <testcase classname="org.ictak.testCases.TrainingHead" name="deleteLearner_TC_50" time="10.286"/>
</testsuite> <!-- org.ictak.testCases.TrainingHead -->
