<?xml version="1.0" encoding="UTF-8"?>
<!-- Generated by org.testng.reporters.JUnitReportReporter -->
<testsuite hostname="Praseela" failures="0" tests="1" name="org.ictak.testCases.TrainingHead" time="74.121" errors="0" timestamp="2023-09-30T16:25:02 IST" skipped="0">
  <testcase classname="org.ictak.testCases.TrainingHead" name="trainingHeadBulkUpdate_TC_42" time="74.121"/>
</testsuite> <!-- org.ictak.testCases.TrainingHead -->
