<?xml version="1.0" encoding="UTF-8"?>
<!-- Generated by org.testng.reporters.JUnitReportReporter -->
<testsuite hostname="Praseela" failures="0" tests="4" name="org.ictak.testCases.LoginTest" time="32.668" errors="0" timestamp="2023-09-30T19:48:54 IST" skipped="0">
  <testcase classname="org.ictak.testCases.LoginTest" name="validAdminLogin" time="8.519"/>
  <testcase classname="org.ictak.testCases.LoginTest" name="verifyValidAdminAndInvalidPasswd" time="7.933"/>
  <testcase classname="org.ictak.testCases.LoginTest" name="validTrainingHeadLogin" time="7.975"/>
  <testcase classname="org.ictak.testCases.LoginTest" name="validPlacementOfficerogin" time="8.241"/>
</testsuite> <!-- org.ictak.testCases.LoginTest -->
