<?xml version="1.0" encoding="UTF-8"?>
<!-- Generated by org.testng.reporters.JUnitReportReporter -->
<testsuite hostname="Praseela" failures="0" tests="4" name="org.ictak.testCases.AdminTest" time="171.950" errors="0" timestamp="2023-09-30T11:48:40 IST" skipped="0">
  <testcase classname="org.ictak.testCases.AdminTest" name="addUserTest" time="17.643"/>
  <testcase classname="org.ictak.testCases.AdminTest" name="addUserTest_backtoDashboad" time="13.601"/>
  <testcase classname="org.ictak.testCases.AdminTest" name="updateUserTest" time="71.157"/>
  <testcase classname="org.ictak.testCases.AdminTest" name="deleteUserTest" time="69.549"/>
</testsuite> <!-- org.ictak.testCases.AdminTest -->
